<?xml version="1.0" encoding="UTF-8"?>
<!-- Generated by org.testng.reporters.JUnitXMLReporter -->
<testsuite ignored="0" hostname="DESKTOP-H3UCDS2" failures="2" tests="2" name="Final QA Project 3" time="19.057" errors="0" timestamp="2021-02-12T14:37:30 EET">
  <testcase classname="test.tests.SignIn.YahooFinanceSignInTest" name="executeTestSignUpYahooFinance" time="1.704">
    <failure type="java.lang.AssertionError" message="The following asserts failed:
	The email error does not seem to be right expected [This email address is not available for sign up, try something else] but found [That email address is too short, please use a longer one.]">
        <![CDATA[java.lang.AssertionError: The following asserts failed:
The email error does not seem to be right expected [This email address is not available for sign up, try something else] but found [That email address is too short, please use a longer one.]
at com.selenium.pages.SignUpPage.checkAllErrors(SignUpPage.java:104)
at test.tests.SignIn.YahooFinanceSignInTest.executeTestSignUpYahooFinance(YahooFinanceSignInTest.java:41)
at java.base/java.util.ArrayList.forEach(ArrayList.java:1511)
at com.intellij.rt.testng.IDEARemoteTestNG.run(IDEARemoteTestNG.java:66)
at com.intellij.rt.testng.RemoteTestNGStarter.main(RemoteTestNGStarter.java:110)
... Removed 26 stack frames]]>
    </failure>
  </testcase> <!-- executeTestSignUpYahooFinance -->
  <testcase classname="test.tests.SignIn.YahooFinanceSignInTest" name="executeTestSignUpYahooFinance" time="1.981">
    <failure type="java.lang.AssertionError" message="The following asserts failed:
	The email error does not seem to be right expected [This email address is not available for sign up, try something else] but found [A Yahoo account already exists with this email address. Sign in.]">
        <![CDATA[java.lang.AssertionError: The following asserts failed:
The email error does not seem to be right expected [This email address is not available for sign up, try something else] but found [A Yahoo account already exists with this email address. Sign in.]
at com.selenium.pages.SignUpPage.checkAllErrors(SignUpPage.java:104)
at test.tests.SignIn.YahooFinanceSignInTest.executeTestSignUpYahooFinance(YahooFinanceSignInTest.java:41)
at java.base/java.util.ArrayList.forEach(ArrayList.java:1511)
at com.intellij.rt.testng.IDEARemoteTestNG.run(IDEARemoteTestNG.java:66)
at com.intellij.rt.testng.RemoteTestNGStarter.main(RemoteTestNGStarter.java:110)
... Removed 26 stack frames]]>
    </failure>
  </testcase> <!-- executeTestSignUpYahooFinance -->
</testsuite> <!-- Final QA Project 3 -->
