<!DOCTYPE html PUBLIC "-//W3C//DTD XHTML 1.1//EN" "https://www.w3.org/TR/xhtml11/DTD/xhtml11.dtd">
<html xmlns="https://www.w3.org/1999/xhtml">
<head>
<meta http-equiv="content-type" content="text/html; charset=UTF-8"/>
<title>TestNG Report</title>
<style type="text/css">table {margin-bottom:10px;border-collapse:collapse;empty-cells:show}th,td {border:1px solid #009;padding:.25em .5em}th {vertical-align:bottom}td {vertical-align:top}table a {font-weight:bold}.stripe td {background-color: #E6EBF9}.num {text-align:right}.passedodd td {background-color: #3F3}.passedeven td {background-color: #0A0}.skippedodd td {background-color: #DDD}.skippedeven td {background-color: #CCC}.failedodd td,.attn {background-color: #F33}.failedeven td,.stripe .attn {background-color: #D00}.stacktrace {white-space:pre;font-family:monospace}.totop {font-size:85%;text-align:center;border-bottom:2px solid #000}.invisible {display:none}</style>
</head>
<body>
<table>
<tr><th>Test</th><th># Passed</th><th># Skipped</th><th># Retried</th><th># Failed</th><th>Time (ms)</th><th>Included Groups</th><th>Excluded Groups</th></tr>
<tr><th colspan="8">Default Suite</th></tr>
<tr><td><a href="#t0">Final QA Project 3</a></td><td class="num">0</td><td class="num">0</td><td class="num">0</td><td class="num attn">2</td><td class="num">19,057</td><td></td><td></td></tr>
</table>
<table id='summary'><thead><tr><th>Class</th><th>Method</th><th>Start</th><th>Time (ms)</th></tr></thead><tbody><tr><th colspan="4">Default Suite</th></tr></tbody><tbody id="t0"><tr><th colspan="4">Final QA Project 3 &#8212; failed</th></tr><tr class="failedeven"><td rowspan="2">test.tests.SignIn.YahooFinanceSignInTest</td><td><a href="#m0">executeTestSignUpYahooFinance</a></td><td rowspan="2">1613133448042</td><td rowspan="2">1981</td></tr><tr class="failedeven"><td><a href="#m1">executeTestSignUpYahooFinance</a></td></tr></tbody>
</table>
<h2>Final QA Project 3</h2><h3 id="m0">test.tests.SignIn.YahooFinanceSignInTest#executeTestSignUpYahooFinance</h3><table class="result"><tr class="param"><th>Parameter #1</th><th>Parameter #2</th><th>Parameter #3</th><th>Parameter #4</th><th>Parameter #5</th><th>Parameter #6</th><th>Parameter #7</th><th>Parameter #8</th></tr><tr class="param stripe"><td>Ken</td><td> Stefan</td><td> try21</td><td> z6</td><td> fbn </td><td> September</td><td> ll</td><td> nm</td></tr><tr><th colspan="8">Exception</th></tr><tr><td colspan="8"><div class="stacktrace">java.lang.AssertionError:
    The following asserts failed:
    The email error does not seem to be right expected [This email address is not available for sign up, try something
    else] but found [A Yahoo account already exists with this email address. Sign in.]
    at com.selenium.pages.SignUpPage.checkAllErrors(SignUpPage.java:104)
    at test.tests.SignIn.YahooFinanceSignInTest.executeTestSignUpYahooFinance(YahooFinanceSignInTest.java:41)
    at java.base/java.util.ArrayList.forEach(ArrayList.java:1511)
    at com.intellij.rt.testng.IDEARemoteTestNG.run(IDEARemoteTestNG.java:66)
    at com.intellij.rt.testng.RemoteTestNGStarter.main(RemoteTestNGStarter.java:110)
    ... Removed 26 stack frames</div></td></tr></table><p class="totop"><a href="#summary">back to summary</a></p>
<h3 id="m1">test.tests.SignIn.YahooFinanceSignInTest#executeTestSignUpYahooFinance</h3><table class="result"><tr class="param"><th>Parameter #1</th><th>Parameter #2</th><th>Parameter #3</th><th>Parameter #4</th><th>Parameter #5</th><th>Parameter #6</th><th>Parameter #7</th><th>Parameter #8</th></tr><tr class="param stripe"><td>Joro</td><td> Ivan</td><td> try</td><td> zw</td><td> asd</td><td> May</td><td> aa</td><td> vb</td></tr><tr><th colspan="8">Exception</th></tr><tr><td colspan="8"><div class="stacktrace">java.lang.AssertionError:
    The following asserts failed:
    The email error does not seem to be right expected [This email address is not available for sign up, try something
    else] but found [That email address is too short, please use a longer one.]
    at com.selenium.pages.SignUpPage.checkAllErrors(SignUpPage.java:104)
    at test.tests.SignIn.YahooFinanceSignInTest.executeTestSignUpYahooFinance(YahooFinanceSignInTest.java:41)
    at java.base/java.util.ArrayList.forEach(ArrayList.java:1511)
    at com.intellij.rt.testng.IDEARemoteTestNG.run(IDEARemoteTestNG.java:66)
    at com.intellij.rt.testng.RemoteTestNGStarter.main(RemoteTestNGStarter.java:110)
    ... Removed 26 stack frames</div></td></tr></table><p class="totop"><a href="#summary">back to summary</a></p>
</body>
</html>
