<?xml version="1.0" encoding="UTF-8"?>
<testng-results ignored="0" total="2" passed="0" failed="2" skipped="0">
  <reporter-output>
  </reporter-output>
  <suite started-at="2021-02-12T14:37:11 EET" name="Default Suite" finished-at="2021-02-12T14:37:30 EET" duration-ms="19057">
    <groups>
    </groups>
    <test started-at="2021-02-12T14:37:11 EET" name="Final QA Project 3" finished-at="2021-02-12T14:37:30 EET" duration-ms="19057">
      <class name="test.tests.SignIn.YahooFinanceSignInTest">
        <test-method is-config="true" signature="readConfigProperties()[pri:0, instance:test.tests.SignIn.YahooFinanceSignInTest@4fb3ee4e]" started-at="2021-02-12T14:37:11 EET" name="readConfigProperties" finished-at="2021-02-12T14:37:11 EET" duration-ms="22" status="PASS">
          <reporter-output>
          </reporter-output>
        </test-method> <!-- readConfigProperties -->
        <test-method is-config="true" signature="initTest()[pri:0, instance:test.tests.SignIn.YahooFinanceSignInTest@4fb3ee4e]" started-at="2021-02-12T14:37:11 EET" name="initTest" finished-at="2021-02-12T14:37:23 EET" duration-ms="12062" status="PASS">
          <reporter-output>
          </reporter-output>
        </test-method> <!-- initTest -->
        <test-method is-config="true" signature="signUpBeforeTest()[pri:0, instance:test.tests.SignIn.YahooFinanceSignInTest@4fb3ee4e]" started-at="2021-02-12T14:37:23 EET" name="signUpBeforeTest" finished-at="2021-02-12T14:37:26 EET" depends-on-methods="test.base.TestUtil.initTest" duration-ms="2475" status="PASS">
          <reporter-output>
          </reporter-output>
        </test-method> <!-- signUpBeforeTest -->
        <test-method signature="executeTestSignUpYahooFinance(java.lang.String, java.lang.String, java.lang.String, java.lang.String, java.lang.String, java.lang.String, java.lang.String, java.lang.String)[pri:0, instance:test.tests.SignIn.YahooFinanceSignInTest@4fb3ee4e]" started-at="2021-02-12T14:37:26 EET" name="executeTestSignUpYahooFinance" data-provider="signin-data" finished-at="2021-02-12T14:37:28 EET" duration-ms="1704" status="FAIL">
          <params>
            <param index="0">
              <value>
                <![CDATA[Joro]]>
              </value>
            </param>
            <param index="1">
              <value>
                <![CDATA[ Ivan]]>
              </value>
            </param>
            <param index="2">
              <value>
                <![CDATA[ try]]>
              </value>
            </param>
            <param index="3">
              <value>
                <![CDATA[ zw]]>
              </value>
            </param>
            <param index="4">
              <value>
                <![CDATA[ asd]]>
              </value>
            </param>
            <param index="5">
              <value>
                <![CDATA[ May]]>
              </value>
            </param>
            <param index="6">
              <value>
                <![CDATA[ aa]]>
              </value>
            </param>
            <param index="7">
              <value>
                <![CDATA[ vb]]>
              </value>
            </param>
          </params>
          <exception class="java.lang.AssertionError">
            <message>
              <![CDATA[The following asserts failed:
The email error does not seem to be right expected [This email address is not available for sign up, try something else] but found [That email address is too short, please use a longer one.]]]>
            </message>
            <full-stacktrace>
                <![CDATA[java.lang.AssertionError: The following asserts failed:
The email error does not seem to be right expected [This email address is not available for sign up, try something else] but found [That email address is too short, please use a longer one.]
at org.testng.asserts.SoftAssert.assertAll(SoftAssert.java:47)
at org.testng.asserts.SoftAssert.assertAll(SoftAssert.java:31)
at com.selenium.pages.SignUpPage.checkAllErrors(SignUpPage.java:104)
at test.tests.SignIn.YahooFinanceSignInTest.executeTestSignUpYahooFinance(YahooFinanceSignInTest.java:41)
at java.base/jdk.internal.reflect.NativeMethodAccessorImpl.invoke0(Native Method)
at java.base/jdk.internal.reflect.NativeMethodAccessorImpl.invoke(NativeMethodAccessorImpl.java:64)
at java.base/jdk.internal.reflect.DelegatingMethodAccessorImpl.invoke(DelegatingMethodAccessorImpl.java:43)
at java.base/java.lang.reflect.Method.invoke(Method.java:564)
at org.testng.internal.MethodInvocationHelper.invokeMethod(MethodInvocationHelper.java:132)
at org.testng.internal.TestInvoker.invokeMethod(TestInvoker.java:599)
at org.testng.internal.TestInvoker.invokeTestMethod(TestInvoker.java:174)
at org.testng.internal.MethodRunner.runInSequence(MethodRunner.java:46)
at org.testng.internal.TestInvoker$MethodInvocationAgent.invoke(TestInvoker.java:822)
at org.testng.internal.TestInvoker.invokeTestMethods(TestInvoker.java:147)
at org.testng.internal.TestMethodWorker.invokeTestMethods(TestMethodWorker.java:146)
at org.testng.internal.TestMethodWorker.run(TestMethodWorker.java:128)
at java.base/java.util.ArrayList.forEach(ArrayList.java:1511)
at org.testng.TestRunner.privateRun(TestRunner.java:764)
at org.testng.TestRunner.run(TestRunner.java:585)
at org.testng.SuiteRunner.runTest(SuiteRunner.java:384)
at org.testng.SuiteRunner.runSequentially(SuiteRunner.java:378)
at org.testng.SuiteRunner.privateRun(SuiteRunner.java:337)
at org.testng.SuiteRunner.run(SuiteRunner.java:286)
at org.testng.SuiteRunnerWorker.runSuite(SuiteRunnerWorker.java:53)
at org.testng.SuiteRunnerWorker.run(SuiteRunnerWorker.java:96)
at org.testng.TestNG.runSuitesSequentially(TestNG.java:1218)
at org.testng.TestNG.runSuitesLocally(TestNG.java:1140)
at org.testng.TestNG.runSuites(TestNG.java:1069)
at org.testng.TestNG.run(TestNG.java:1037)
at com.intellij.rt.testng.IDEARemoteTestNG.run(IDEARemoteTestNG.java:66)
at com.intellij.rt.testng.RemoteTestNGStarter.main(RemoteTestNGStarter.java:110)
]]>
            </full-stacktrace>
          </exception> <!-- java.lang.AssertionError -->
          <reporter-output>
          </reporter-output>
        </test-method> <!-- executeTestSignUpYahooFinance -->
        <test-method signature="executeTestSignUpYahooFinance(java.lang.String, java.lang.String, java.lang.String, java.lang.String, java.lang.String, java.lang.String, java.lang.String, java.lang.String)[pri:0, instance:test.tests.SignIn.YahooFinanceSignInTest@4fb3ee4e]" started-at="2021-02-12T14:37:28 EET" name="executeTestSignUpYahooFinance" data-provider="signin-data" finished-at="2021-02-12T14:37:30 EET" duration-ms="1981" status="FAIL">
          <params>
            <param index="0">
              <value>
                <![CDATA[Ken]]>
              </value>
            </param>
            <param index="1">
              <value>
                <![CDATA[ Stefan]]>
              </value>
            </param>
            <param index="2">
              <value>
                <![CDATA[ try21]]>
              </value>
            </param>
            <param index="3">
              <value>
                <![CDATA[ z6]]>
              </value>
            </param>
            <param index="4">
              <value>
                <![CDATA[ fbn ]]>
              </value>
            </param>
            <param index="5">
              <value>
                <![CDATA[ September]]>
              </value>
            </param>
            <param index="6">
              <value>
                <![CDATA[ ll]]>
              </value>
            </param>
            <param index="7">
              <value>
                <![CDATA[ nm]]>
              </value>
            </param>
          </params>
          <exception class="java.lang.AssertionError">
            <message>
              <![CDATA[The following asserts failed:
The email error does not seem to be right expected [This email address is not available for sign up, try something else] but found [A Yahoo account already exists with this email address. Sign in.]]]>
            </message>
            <full-stacktrace>
                <![CDATA[java.lang.AssertionError: The following asserts failed:
The email error does not seem to be right expected [This email address is not available for sign up, try something else] but found [A Yahoo account already exists with this email address. Sign in.]
at org.testng.asserts.SoftAssert.assertAll(SoftAssert.java:47)
at org.testng.asserts.SoftAssert.assertAll(SoftAssert.java:31)
at com.selenium.pages.SignUpPage.checkAllErrors(SignUpPage.java:104)
at test.tests.SignIn.YahooFinanceSignInTest.executeTestSignUpYahooFinance(YahooFinanceSignInTest.java:41)
at java.base/jdk.internal.reflect.NativeMethodAccessorImpl.invoke0(Native Method)
at java.base/jdk.internal.reflect.NativeMethodAccessorImpl.invoke(NativeMethodAccessorImpl.java:64)
at java.base/jdk.internal.reflect.DelegatingMethodAccessorImpl.invoke(DelegatingMethodAccessorImpl.java:43)
at java.base/java.lang.reflect.Method.invoke(Method.java:564)
at org.testng.internal.MethodInvocationHelper.invokeMethod(MethodInvocationHelper.java:132)
at org.testng.internal.TestInvoker.invokeMethod(TestInvoker.java:599)
at org.testng.internal.TestInvoker.invokeTestMethod(TestInvoker.java:174)
at org.testng.internal.MethodRunner.runInSequence(MethodRunner.java:46)
at org.testng.internal.TestInvoker$MethodInvocationAgent.invoke(TestInvoker.java:822)
at org.testng.internal.TestInvoker.invokeTestMethods(TestInvoker.java:147)
at org.testng.internal.TestMethodWorker.invokeTestMethods(TestMethodWorker.java:146)
at org.testng.internal.TestMethodWorker.run(TestMethodWorker.java:128)
at java.base/java.util.ArrayList.forEach(ArrayList.java:1511)
at org.testng.TestRunner.privateRun(TestRunner.java:764)
at org.testng.TestRunner.run(TestRunner.java:585)
at org.testng.SuiteRunner.runTest(SuiteRunner.java:384)
at org.testng.SuiteRunner.runSequentially(SuiteRunner.java:378)
at org.testng.SuiteRunner.privateRun(SuiteRunner.java:337)
at org.testng.SuiteRunner.run(SuiteRunner.java:286)
at org.testng.SuiteRunnerWorker.runSuite(SuiteRunnerWorker.java:53)
at org.testng.SuiteRunnerWorker.run(SuiteRunnerWorker.java:96)
at org.testng.TestNG.runSuitesSequentially(TestNG.java:1218)
at org.testng.TestNG.runSuitesLocally(TestNG.java:1140)
at org.testng.TestNG.runSuites(TestNG.java:1069)
at org.testng.TestNG.run(TestNG.java:1037)
at com.intellij.rt.testng.IDEARemoteTestNG.run(IDEARemoteTestNG.java:66)
at com.intellij.rt.testng.RemoteTestNGStarter.main(RemoteTestNGStarter.java:110)
]]>
            </full-stacktrace>
          </exception> <!-- java.lang.AssertionError -->
          <reporter-output>
          </reporter-output>
        </test-method> <!-- executeTestSignUpYahooFinance -->
        <test-method is-config="true" signature="closeDriver()[pri:0, instance:test.tests.SignIn.YahooFinanceSignInTest@4fb3ee4e]" started-at="2021-02-12T14:37:30 EET" name="closeDriver" finished-at="2021-02-12T14:37:30 EET" duration-ms="767" status="PASS">
          <reporter-output>
          </reporter-output>
        </test-method> <!-- closeDriver -->
      </class> <!-- test.tests.SignIn.YahooFinanceSignInTest -->
    </test> <!-- Final QA Project 3 -->
  </suite> <!-- Default Suite -->
</testng-results>
